<?xml version="1.0" encoding="UTF-8"?>
<!-- Generated by org.testng.reporters.JUnitReportReporter -->
<testsuite hostname="DESKTOP-KATUMN4" failures="0" tests="3" name="testngsessions.TestNGBasics" time="0.011" errors="0" timestamp="09 Aug 2021 01:18:09 GMT" skipped="0">
  <testcase classname="testngsessions.TestNGBasics" name="addToCartpageTest" time="0.007"/>
  <testcase classname="testngsessions.TestNGBasics" name="paymentPageTest" time="0.002"/>
  <testcase classname="testngsessions.TestNGBasics" name="homePageTest" time="0.002"/>
</testsuite> <!-- testngsessions.TestNGBasics -->
